2000.04.10 02:59 B C:\My Documents\Garden egg\free\wallpaper\ball-800600.jpg --> ftp.gardenegg.com /public_html/free/wallpaper ball-800600.jpg
2000.04.10 03:00 B C:\My Documents\Garden egg\free\wallpaper\ball-800600.zip --> ftp.gardenegg.com /public_html/free/wallpaper ball-800600.zip
2000.04.10 03:00 B C:\My Documents\Garden egg\free\wallpaper\panton-b-800600.jpg --> ftp.gardenegg.com /public_html/free/wallpaper panton-b-800600.jpg
2000.04.10 03:01 B C:\My Documents\Garden egg\free\wallpaper\ball-800600.zip --> ftp.gardenegg.com /public_html/free/wallpaper ball-800600.zip
2000.04.10 03:01 B C:\My Documents\Garden egg\free\wallpaper\panton-b-800600.zip --> ftp.gardenegg.com /public_html/free/wallpaper panton-b-800600.zip
2000.04.10 03:01 B C:\My Documents\Garden egg\free\wallpaper\panton-r-800600.zip --> ftp.gardenegg.com /public_html/free/wallpaper panton-r-800600.zip
2000.06.11 00:40 B C:\My Documents\Garden egg\free\wallpaper\swan-800600.zip --> ftp.pal-studio.com /public_html/free/wallpaper swan-800600.zip
2000.07.14 23:03 B C:\My Documents\Garden egg\free\wallpaper\ball-800600.jpg --> ftp.pal-studio.com /public_html/free/wallpaper ball-800600.jpg
2000.07.14 23:03 B C:\My Documents\Garden egg\free\wallpaper\beogram_800600.jpg --> ftp.pal-studio.com /public_html/free/wallpaper beogram_800600.jpg
2000.07.14 23:03 B C:\My Documents\Garden egg\free\wallpaper\dcm-800600.jpg --> ftp.pal-studio.com /public_html/free/wallpaper dcm-800600.jpg
2000.07.14 23:03 B C:\My Documents\Garden egg\free\wallpaper\egg-800600.jpg --> ftp.pal-studio.com /public_html/free/wallpaper egg-800600.jpg
2000.07.14 23:03 B C:\My Documents\Garden egg\free\wallpaper\lc4-800600.jpg --> ftp.pal-studio.com /public_html/free/wallpaper lc4-800600.jpg
2000.07.14 23:03 B C:\My Documents\Garden egg\free\wallpaper\panton-b-800600.jpg --> ftp.pal-studio.com /public_html/free/wallpaper panton-b-800600.jpg
2000.07.14 23:03 B C:\My Documents\Garden egg\free\wallpaper\panton-r-800600.jpg --> ftp.pal-studio.com /public_html/free/wallpaper panton-r-800600.jpg
2000.07.14 23:04 B C:\My Documents\Garden egg\free\wallpaper\pastille-800600.jpg --> ftp.pal-studio.com /public_html/free/wallpaper pastille-800600.jpg
2000.07.14 23:04 B C:\My Documents\Garden egg\free\wallpaper\sonytv-800600.jpg --> ftp.pal-studio.com /public_html/free/wallpaper sonytv-800600.jpg
2000.07.14 23:04 B C:\My Documents\Garden egg\free\wallpaper\swan-800600.jpg --> ftp.pal-studio.com /public_html/free/wallpaper swan-800600.jpg
2000.07.14 23:05 B C:\My Documents\Garden egg\free\wallpaper\swan-800600.zip --> ftp.pal-studio.com /public_html/free/wallpaper swan-800600.zip
2000.07.14 23:05 B C:\My Documents\Garden egg\free\wallpaper\wiggle-800600.jpg --> ftp.pal-studio.com /public_html/free/wallpaper wiggle-800600.jpg
2000.07.14 23:05 B C:\My Documents\Garden egg\free\wallpaper\WS_FTP.LOG --> ftp.pal-studio.com /public_html/free/wallpaper WS_FTP.LOG
