2000.04.21 02:35 B C:\My Documents\Garden egg\shop\aluminium\img\aluminium-02.gif --> ftp.gardenegg.com /public_html/shop/aluminium/img aluminium-02.gif
2000.04.21 02:35 B C:\My Documents\Garden egg\shop\aluminium\img\aluminium-03.gif --> ftp.gardenegg.com /public_html/shop/aluminium/img aluminium-03.gif
2000.04.21 02:35 B C:\My Documents\Garden egg\shop\aluminium\img\aluminium-03a.gif --> ftp.gardenegg.com /public_html/shop/aluminium/img aluminium-03a.gif
2000.04.21 02:35 B C:\My Documents\Garden egg\shop\aluminium\img\aluminium-04.gif --> ftp.gardenegg.com /public_html/shop/aluminium/img aluminium-04.gif
2000.04.21 02:35 B C:\My Documents\Garden egg\shop\aluminium\img\aluminium-04a.gif --> ftp.gardenegg.com /public_html/shop/aluminium/img aluminium-04a.gif
2000.04.21 02:35 B C:\My Documents\Garden egg\shop\aluminium\img\aluminium-04b.gif --> ftp.gardenegg.com /public_html/shop/aluminium/img aluminium-04b.gif
2000.04.21 02:35 B C:\My Documents\Garden egg\shop\aluminium\img\aluminium-05.gif --> ftp.gardenegg.com /public_html/shop/aluminium/img aluminium-05.gif
2000.04.21 02:35 B C:\My Documents\Garden egg\shop\aluminium\img\aluminium-06.gif --> ftp.gardenegg.com /public_html/shop/aluminium/img aluminium-06.gif
2000.04.21 02:35 B C:\My Documents\Garden egg\shop\aluminium\img\aluminium-06a.gif --> ftp.gardenegg.com /public_html/shop/aluminium/img aluminium-06a.gif
2000.04.21 02:35 B C:\My Documents\Garden egg\shop\aluminium\img\aluminium-06b.gif --> ftp.gardenegg.com /public_html/shop/aluminium/img aluminium-06b.gif
2000.04.21 02:35 B C:\My Documents\Garden egg\shop\aluminium\img\aluminium-07.gif --> ftp.gardenegg.com /public_html/shop/aluminium/img aluminium-07.gif
2000.04.21 02:35 B C:\My Documents\Garden egg\shop\aluminium\img\aluminium-08.gif --> ftp.gardenegg.com /public_html/shop/aluminium/img aluminium-08.gif
2000.04.21 02:36 B C:\My Documents\Garden egg\shop\aluminium\img\aluminium-09.gif --> ftp.gardenegg.com /public_html/shop/aluminium/img aluminium-09.gif
2000.04.21 02:36 B C:\My Documents\Garden egg\shop\aluminium\img\aluminium-10.gif --> ftp.gardenegg.com /public_html/shop/aluminium/img aluminium-10.gif
2000.04.21 02:36 B C:\My Documents\Garden egg\shop\aluminium\img\aluminium-11.gif --> ftp.gardenegg.com /public_html/shop/aluminium/img aluminium-11.gif
2000.04.21 02:36 B C:\My Documents\Garden egg\shop\aluminium\img\aluminium-12.gif --> ftp.gardenegg.com /public_html/shop/aluminium/img aluminium-12.gif
2000.04.21 02:36 B C:\My Documents\Garden egg\shop\aluminium\img\aluminium-13.gif --> ftp.gardenegg.com /public_html/shop/aluminium/img aluminium-13.gif
2000.04.21 02:36 B C:\My Documents\Garden egg\shop\aluminium\img\aluminium-13a.gif --> ftp.gardenegg.com /public_html/shop/aluminium/img aluminium-13a.gif
2000.04.21 02:36 B C:\My Documents\Garden egg\shop\aluminium\img\aluminium-13b.gif --> ftp.gardenegg.com /public_html/shop/aluminium/img aluminium-13b.gif
2000.04.21 02:36 B C:\My Documents\Garden egg\shop\aluminium\img\aluminium-14.gif --> ftp.gardenegg.com /public_html/shop/aluminium/img aluminium-14.gif
2000.04.21 02:36 B C:\My Documents\Garden egg\shop\aluminium\img\aluminium-15.gif --> ftp.gardenegg.com /public_html/shop/aluminium/img aluminium-15.gif
2000.04.21 02:36 B C:\My Documents\Garden egg\shop\aluminium\img\aluminium-15a.gif --> ftp.gardenegg.com /public_html/shop/aluminium/img aluminium-15a.gif
2000.04.21 02:36 B C:\My Documents\Garden egg\shop\aluminium\img\aluminium-15b.gif --> ftp.gardenegg.com /public_html/shop/aluminium/img aluminium-15b.gif
2000.04.21 02:36 B C:\My Documents\Garden egg\shop\aluminium\img\aluminium-16.gif --> ftp.gardenegg.com /public_html/shop/aluminium/img aluminium-16.gif
2000.04.21 02:36 B C:\My Documents\Garden egg\shop\aluminium\img\aluminium-16a.gif --> ftp.gardenegg.com /public_html/shop/aluminium/img aluminium-16a.gif
2000.04.21 02:36 B C:\My Documents\Garden egg\shop\aluminium\img\aluminium-16b.gif --> ftp.gardenegg.com /public_html/shop/aluminium/img aluminium-16b.gif
2000.04.21 02:36 B C:\My Documents\Garden egg\shop\aluminium\img\aluminium-17.gif --> ftp.gardenegg.com /public_html/shop/aluminium/img aluminium-17.gif
2000.04.21 02:36 B C:\My Documents\Garden egg\shop\aluminium\img\aluminium-18.gif --> ftp.gardenegg.com /public_html/shop/aluminium/img aluminium-18.gif
2000.04.21 02:36 B C:\My Documents\Garden egg\shop\aluminium\img\aluminium-18a.gif --> ftp.gardenegg.com /public_html/shop/aluminium/img aluminium-18a.gif
2000.04.21 02:36 B C:\My Documents\Garden egg\shop\aluminium\img\aluminium-19.gif --> ftp.gardenegg.com /public_html/shop/aluminium/img aluminium-19.gif
2000.04.21 02:36 B C:\My Documents\Garden egg\shop\aluminium\img\aluminium-20.gif --> ftp.gardenegg.com /public_html/shop/aluminium/img aluminium-20.gif
2000.04.21 02:36 B C:\My Documents\Garden egg\shop\aluminium\img\aluminium-20a.gif --> ftp.gardenegg.com /public_html/shop/aluminium/img aluminium-20a.gif
2000.04.21 02:36 B C:\My Documents\Garden egg\shop\aluminium\img\aluminium-20b.gif --> ftp.gardenegg.com /public_html/shop/aluminium/img aluminium-20b.gif
2000.04.21 02:36 B C:\My Documents\Garden egg\shop\aluminium\img\aluminium-21.gif --> ftp.gardenegg.com /public_html/shop/aluminium/img aluminium-21.gif
2000.04.21 02:36 B C:\My Documents\Garden egg\shop\aluminium\img\aluminium-22.gif --> ftp.gardenegg.com /public_html/shop/aluminium/img aluminium-22.gif
2000.04.21 02:36 B C:\My Documents\Garden egg\shop\aluminium\img\aluminium-23.gif --> ftp.gardenegg.com /public_html/shop/aluminium/img aluminium-23.gif
2000.04.21 02:36 B C:\My Documents\Garden egg\shop\aluminium\img\aluminium-24.gif --> ftp.gardenegg.com /public_html/shop/aluminium/img aluminium-24.gif
2000.04.21 02:36 B C:\My Documents\Garden egg\shop\aluminium\img\aluminium-24a.gif --> ftp.gardenegg.com /public_html/shop/aluminium/img aluminium-24a.gif
2000.04.21 02:36 B C:\My Documents\Garden egg\shop\aluminium\img\aluminium-25.gif --> ftp.gardenegg.com /public_html/shop/aluminium/img aluminium-25.gif
2000.04.21 02:36 B C:\My Documents\Garden egg\shop\aluminium\img\aluminium-26.gif --> ftp.gardenegg.com /public_html/shop/aluminium/img aluminium-26.gif
2000.04.21 02:36 B C:\My Documents\Garden egg\shop\aluminium\img\aluminium-layout.gif --> ftp.gardenegg.com /public_html/shop/aluminium/img aluminium-layout.gif
2000.04.21 02:36 B C:\My Documents\Garden egg\shop\aluminium\img\back-next.gif --> ftp.gardenegg.com /public_html/shop/aluminium/img back-next.gif
2000.04.21 02:36 B C:\My Documents\Garden egg\shop\aluminium\img\back.gif --> ftp.gardenegg.com /public_html/shop/aluminium/img back.gif
2000.04.21 02:37 B C:\My Documents\Garden egg\shop\aluminium\img\bean.jpg --> ftp.gardenegg.com /public_html/shop/aluminium/img bean.jpg
2000.04.21 02:37 B C:\My Documents\Garden egg\shop\aluminium\img\blank.gif --> ftp.gardenegg.com /public_html/shop/aluminium/img blank.gif
2000.04.21 02:37 B C:\My Documents\Garden egg\shop\aluminium\img\computerdesk.jpg --> ftp.gardenegg.com /public_html/shop/aluminium/img computerdesk.jpg
2000.04.21 02:37 B C:\My Documents\Garden egg\shop\aluminium\img\gaptable.jpg --> ftp.gardenegg.com /public_html/shop/aluminium/img gaptable.jpg
2000.04.21 02:37 B C:\My Documents\Garden egg\shop\aluminium\img\hi-fi-a.jpg --> ftp.gardenegg.com /public_html/shop/aluminium/img hi-fi-a.jpg
2000.04.21 02:37 B C:\My Documents\Garden egg\shop\aluminium\img\hi-fi-b.jpg --> ftp.gardenegg.com /public_html/shop/aluminium/img hi-fi-b.jpg
2000.04.21 02:37 B C:\My Documents\Garden egg\shop\aluminium\img\map.gif --> ftp.gardenegg.com /public_html/shop/aluminium/img map.gif
2000.04.21 02:37 B C:\My Documents\Garden egg\shop\aluminium\img\metro.jpg --> ftp.gardenegg.com /public_html/shop/aluminium/img metro.jpg
2000.04.21 02:37 B C:\My Documents\Garden egg\shop\aluminium\img\mono.jpg --> ftp.gardenegg.com /public_html/shop/aluminium/img mono.jpg
2000.04.21 02:37 B C:\My Documents\Garden egg\shop\aluminium\img\next.gif --> ftp.gardenegg.com /public_html/shop/aluminium/img next.gif
2000.04.21 02:37 B C:\My Documents\Garden egg\shop\aluminium\img\panton.jpg --> ftp.gardenegg.com /public_html/shop/aluminium/img panton.jpg
2000.04.21 02:37 B C:\My Documents\Garden egg\shop\aluminium\img\phantom.jpg --> ftp.gardenegg.com /public_html/shop/aluminium/img phantom.jpg
2000.04.21 02:37 B C:\My Documents\Garden egg\shop\aluminium\img\pop.jpg --> ftp.gardenegg.com /public_html/shop/aluminium/img pop.jpg
2000.04.21 02:37 B C:\My Documents\Garden egg\shop\aluminium\img\shop.gif --> ftp.gardenegg.com /public_html/shop/aluminium/img shop.gif
2000.04.21 02:37 B C:\My Documents\Garden egg\shop\aluminium\img\shop.jpg.jpg --> ftp.gardenegg.com /public_html/shop/aluminium/img shop.jpg.jpg
2000.04.21 02:37 B C:\My Documents\Garden egg\shop\aluminium\img\shop01.gif --> ftp.gardenegg.com /public_html/shop/aluminium/img shop01.gif
2000.04.24 12:44 B C:\My Documents\Garden egg\shop\aluminium\img\aluminium_03.gif --> ftp.gardenegg.com /public_html/shop/aluminium/img aluminium_03.gif
2000.04.24 12:44 B C:\My Documents\Garden egg\shop\aluminium\img\aluminium_04.gif --> ftp.gardenegg.com /public_html/shop/aluminium/img aluminium_04.gif
2000.04.24 12:44 B C:\My Documents\Garden egg\shop\aluminium\img\aluminium_06.gif --> ftp.gardenegg.com /public_html/shop/aluminium/img aluminium_06.gif
2000.04.24 12:44 B C:\My Documents\Garden egg\shop\aluminium\img\aluminium_09.gif --> ftp.gardenegg.com /public_html/shop/aluminium/img aluminium_09.gif
2000.04.24 12:44 B C:\My Documents\Garden egg\shop\aluminium\img\aluminium_10.gif --> ftp.gardenegg.com /public_html/shop/aluminium/img aluminium_10.gif
2000.04.24 12:44 B C:\My Documents\Garden egg\shop\aluminium\img\aluminium_11.gif --> ftp.gardenegg.com /public_html/shop/aluminium/img aluminium_11.gif
2000.04.24 12:44 B C:\My Documents\Garden egg\shop\aluminium\img\aluminium_12.gif --> ftp.gardenegg.com /public_html/shop/aluminium/img aluminium_12.gif
2000.04.24 12:44 B C:\My Documents\Garden egg\shop\aluminium\img\aluminium_13.gif --> ftp.gardenegg.com /public_html/shop/aluminium/img aluminium_13.gif
2000.04.24 12:44 B C:\My Documents\Garden egg\shop\aluminium\img\aluminium_14.gif --> ftp.gardenegg.com /public_html/shop/aluminium/img aluminium_14.gif
2000.04.24 12:45 B C:\My Documents\Garden egg\shop\aluminium\img\aluminium_15.gif --> ftp.gardenegg.com /public_html/shop/aluminium/img aluminium_15.gif
2000.04.24 12:45 B C:\My Documents\Garden egg\shop\aluminium\img\aluminium_16.gif --> ftp.gardenegg.com /public_html/shop/aluminium/img aluminium_16.gif
2000.04.24 12:45 B C:\My Documents\Garden egg\shop\aluminium\img\aluminium_17.gif --> ftp.gardenegg.com /public_html/shop/aluminium/img aluminium_17.gif
2000.04.24 12:45 B C:\My Documents\Garden egg\shop\aluminium\img\aluminium_18.gif --> ftp.gardenegg.com /public_html/shop/aluminium/img aluminium_18.gif
2000.04.24 12:45 B C:\My Documents\Garden egg\shop\aluminium\img\aluminium_19.gif --> ftp.gardenegg.com /public_html/shop/aluminium/img aluminium_19.gif
2000.04.24 12:45 B C:\My Documents\Garden egg\shop\aluminium\img\aluminium_20.gif --> ftp.gardenegg.com /public_html/shop/aluminium/img aluminium_20.gif
2000.04.24 12:45 B C:\My Documents\Garden egg\shop\aluminium\img\aluminium_21.gif --> ftp.gardenegg.com /public_html/shop/aluminium/img aluminium_21.gif
2000.04.24 12:45 B C:\My Documents\Garden egg\shop\aluminium\img\aluminium_22.gif --> ftp.gardenegg.com /public_html/shop/aluminium/img aluminium_22.gif
2000.04.24 12:45 B C:\My Documents\Garden egg\shop\aluminium\img\aluminium_23.gif --> ftp.gardenegg.com /public_html/shop/aluminium/img aluminium_23.gif
2000.04.24 12:45 B C:\My Documents\Garden egg\shop\aluminium\img\aluminium_24.gif --> ftp.gardenegg.com /public_html/shop/aluminium/img aluminium_24.gif
2000.04.24 12:45 B C:\My Documents\Garden egg\shop\aluminium\img\aluminium_25.gif --> ftp.gardenegg.com /public_html/shop/aluminium/img aluminium_25.gif
2000.04.24 12:45 B C:\My Documents\Garden egg\shop\aluminium\img\aluminium_26.gif --> ftp.gardenegg.com /public_html/shop/aluminium/img aluminium_26.gif
2000.04.24 12:45 B C:\My Documents\Garden egg\shop\aluminium\img\shop.jpg.jpg --> ftp.gardenegg.com /public_html/shop/aluminium/img shop.jpg.jpg
2000.04.24 12:45 B C:\My Documents\Garden egg\shop\aluminium\img\WS_FTP.LOG --> ftp.gardenegg.com /public_html/shop/aluminium/img WS_FTP.LOG
2000.04.24 13:15 B C:\My Documents\Garden egg\shop\aluminium\img\WS_FTP.LOG --> ftp.gardenegg.com /public_html/shop/aluminium/img WS_FTP.LOG
2000.07.14 23:07 B C:\My Documents\Garden egg\shop\aluminium\img\WS_FTP.LOG --> ftp.pal-studio.com /public_html/shop/aluminium/img WS_FTP.LOG
