2000.04.24 20:19 B C:\My Documents\Garden egg\shop\fleancents\img\back.gif --> ftp.gardenegg.com /public_html/shop/fleancents/img back.gif
2000.04.24 20:19 B C:\My Documents\Garden egg\shop\fleancents\img\flea-cents02.swf --> ftp.gardenegg.com /public_html/shop/fleancents/img flea-cents02.swf
2000.04.24 20:19 B C:\My Documents\Garden egg\shop\fleancents\img\flea-cents_01.gif --> ftp.gardenegg.com /public_html/shop/fleancents/img flea-cents_01.gif
2000.04.24 20:19 B C:\My Documents\Garden egg\shop\fleancents\img\flea-cents_02.gif --> ftp.gardenegg.com /public_html/shop/fleancents/img flea-cents_02.gif
2000.04.24 20:19 B C:\My Documents\Garden egg\shop\fleancents\img\flea-cents_03.gif --> ftp.gardenegg.com /public_html/shop/fleancents/img flea-cents_03.gif
2000.04.24 20:19 B C:\My Documents\Garden egg\shop\fleancents\img\flea-cents_04.gif --> ftp.gardenegg.com /public_html/shop/fleancents/img flea-cents_04.gif
2000.04.24 20:19 B C:\My Documents\Garden egg\shop\fleancents\img\flea-cents_05.gif --> ftp.gardenegg.com /public_html/shop/fleancents/img flea-cents_05.gif
2000.04.24 20:19 B C:\My Documents\Garden egg\shop\fleancents\img\flea-cents_06.gif --> ftp.gardenegg.com /public_html/shop/fleancents/img flea-cents_06.gif
2000.04.24 20:20 B C:\My Documents\Garden egg\shop\fleancents\img\flea-cents_07.gif --> ftp.gardenegg.com /public_html/shop/fleancents/img flea-cents_07.gif
2000.04.24 20:20 B C:\My Documents\Garden egg\shop\fleancents\img\flea-cents_08.gif --> ftp.gardenegg.com /public_html/shop/fleancents/img flea-cents_08.gif
2000.04.24 20:20 B C:\My Documents\Garden egg\shop\fleancents\img\flea-cents_09.gif --> ftp.gardenegg.com /public_html/shop/fleancents/img flea-cents_09.gif
2000.04.24 20:20 B C:\My Documents\Garden egg\shop\fleancents\img\flea-cents_10.gif --> ftp.gardenegg.com /public_html/shop/fleancents/img flea-cents_10.gif
2000.04.24 20:20 B C:\My Documents\Garden egg\shop\fleancents\img\flea-cents_11.gif --> ftp.gardenegg.com /public_html/shop/fleancents/img flea-cents_11.gif
2000.04.24 20:20 B C:\My Documents\Garden egg\shop\fleancents\img\flea-cents_12.gif --> ftp.gardenegg.com /public_html/shop/fleancents/img flea-cents_12.gif
2000.04.24 20:20 B C:\My Documents\Garden egg\shop\fleancents\img\flea-cents_13.gif --> ftp.gardenegg.com /public_html/shop/fleancents/img flea-cents_13.gif
2000.04.24 20:20 B C:\My Documents\Garden egg\shop\fleancents\img\flea-cents_14.gif --> ftp.gardenegg.com /public_html/shop/fleancents/img flea-cents_14.gif
2000.04.24 20:20 B C:\My Documents\Garden egg\shop\fleancents\img\fleamap.gif --> ftp.gardenegg.com /public_html/shop/fleancents/img fleamap.gif
2000.04.24 20:20 B C:\My Documents\Garden egg\shop\fleancents\img\m01.gif --> ftp.gardenegg.com /public_html/shop/fleancents/img m01.gif
2000.04.24 20:20 B C:\My Documents\Garden egg\shop\fleancents\img\m02.jpg --> ftp.gardenegg.com /public_html/shop/fleancents/img m02.jpg
2000.04.24 20:20 B C:\My Documents\Garden egg\shop\fleancents\img\m03.jpg --> ftp.gardenegg.com /public_html/shop/fleancents/img m03.jpg
2000.04.24 20:20 B C:\My Documents\Garden egg\shop\fleancents\img\m04.jpg --> ftp.gardenegg.com /public_html/shop/fleancents/img m04.jpg
2000.04.24 20:20 B C:\My Documents\Garden egg\shop\fleancents\img\m05.jpg --> ftp.gardenegg.com /public_html/shop/fleancents/img m05.jpg
2000.04.24 20:20 B C:\My Documents\Garden egg\shop\fleancents\img\m06.jpg --> ftp.gardenegg.com /public_html/shop/fleancents/img m06.jpg
2000.04.24 20:20 B C:\My Documents\Garden egg\shop\fleancents\img\m07.jpg --> ftp.gardenegg.com /public_html/shop/fleancents/img m07.jpg
2000.04.24 20:20 B C:\My Documents\Garden egg\shop\fleancents\img\m08.jpg --> ftp.gardenegg.com /public_html/shop/fleancents/img m08.jpg
2000.04.24 20:20 B C:\My Documents\Garden egg\shop\fleancents\img\m09.jpg --> ftp.gardenegg.com /public_html/shop/fleancents/img m09.jpg
2000.04.24 20:20 B C:\My Documents\Garden egg\shop\fleancents\img\m10.jpg --> ftp.gardenegg.com /public_html/shop/fleancents/img m10.jpg
2000.04.24 20:20 B C:\My Documents\Garden egg\shop\fleancents\img\m11.jpg --> ftp.gardenegg.com /public_html/shop/fleancents/img m11.jpg
2000.04.24 20:20 B C:\My Documents\Garden egg\shop\fleancents\img\m12.jpg --> ftp.gardenegg.com /public_html/shop/fleancents/img m12.jpg
2000.04.24 20:20 B C:\My Documents\Garden egg\shop\fleancents\img\m13.jpg --> ftp.gardenegg.com /public_html/shop/fleancents/img m13.jpg
2000.04.24 20:20 B C:\My Documents\Garden egg\shop\fleancents\img\next.gif --> ftp.gardenegg.com /public_html/shop/fleancents/img next.gif
2000.04.24 20:20 B C:\My Documents\Garden egg\shop\fleancents\img\spacer.gif --> ftp.gardenegg.com /public_html/shop/fleancents/img spacer.gif
2000.05.07 13:09 B C:\My Documents\Garden egg\shop\fleancents\img\leftpic.jpg --> ftp.gardenegg.com /public_html/shop/fleancents/img leftpic.jpg
2000.05.22 23:50 B C:\My Documents\Garden egg\shop\fleancents\img\add-L.jpg --> ftp.pal-studio.com /public_html/shop/fleancents/img add-L.jpg
2000.05.22 23:50 B C:\My Documents\Garden egg\shop\fleancents\img\add-R.gif --> ftp.pal-studio.com /public_html/shop/fleancents/img add-R.gif
2000.05.22 23:50 B C:\My Documents\Garden egg\shop\fleancents\img\back.gif --> ftp.pal-studio.com /public_html/shop/fleancents/img back.gif
2000.05.22 23:50 B C:\My Documents\Garden egg\shop\fleancents\img\leftpic.jpg --> ftp.pal-studio.com /public_html/shop/fleancents/img leftpic.jpg
2000.05.22 23:52 B C:\My Documents\Garden egg\shop\fleancents\img\tomain.gif --> ftp.pal-studio.com /public_html/shop/fleancents/img tomain.gif
2000.07.14 23:07 B C:\My Documents\Garden egg\shop\fleancents\img\flea-cents_13a.gif --> ftp.pal-studio.com /public_html/shop/fleancents/img flea-cents_13a.gif
2000.07.14 23:07 B C:\My Documents\Garden egg\shop\fleancents\img\light.jpg --> ftp.pal-studio.com /public_html/shop/fleancents/img light.jpg
2000.07.14 23:08 B C:\My Documents\Garden egg\shop\fleancents\img\toadd.gif --> ftp.pal-studio.com /public_html/shop/fleancents/img toadd.gif
2000.07.14 23:08 B C:\My Documents\Garden egg\shop\fleancents\img\WS_FTP.LOG --> ftp.pal-studio.com /public_html/shop/fleancents/img WS_FTP.LOG
