2000.04.05 22:50 B C:\My Documents\Garden egg\img\bargains-a.gif --> ftp.gardenegg.com /public_html/img bargains-a.gif
2000.04.05 22:50 B C:\My Documents\Garden egg\img\bargains-b.gif --> ftp.gardenegg.com /public_html/img bargains-b.gif
2000.04.05 22:50 B C:\My Documents\Garden egg\img\bg.gif --> ftp.gardenegg.com /public_html/img bg.gif
2000.04.05 22:50 B C:\My Documents\Garden egg\img\eggs.gif --> ftp.gardenegg.com /public_html/img eggs.gif
2000.04.05 22:50 B C:\My Documents\Garden egg\img\freebie-a.gif --> ftp.gardenegg.com /public_html/img freebie-a.gif
2000.04.05 22:50 B C:\My Documents\Garden egg\img\freebie-b.gif --> ftp.gardenegg.com /public_html/img freebie-b.gif
2000.04.05 22:50 B C:\My Documents\Garden egg\img\gardenegg_s.gif --> ftp.gardenegg.com /public_html/img gardenegg_s.gif
2000.04.05 22:50 B C:\My Documents\Garden egg\img\index_01.gif --> ftp.gardenegg.com /public_html/img index_01.gif
2000.04.05 22:50 B C:\My Documents\Garden egg\img\index_02.gif --> ftp.gardenegg.com /public_html/img index_02.gif
2000.04.05 22:50 B C:\My Documents\Garden egg\img\index_03.gif --> ftp.gardenegg.com /public_html/img index_03.gif
2000.04.05 22:50 B C:\My Documents\Garden egg\img\index_04.gif --> ftp.gardenegg.com /public_html/img index_04.gif
2000.04.05 22:50 B C:\My Documents\Garden egg\img\index_05.gif --> ftp.gardenegg.com /public_html/img index_05.gif
2000.04.05 22:50 B C:\My Documents\Garden egg\img\index_06.gif --> ftp.gardenegg.com /public_html/img index_06.gif
2000.04.05 22:50 B C:\My Documents\Garden egg\img\index_07.gif --> ftp.gardenegg.com /public_html/img index_07.gif
2000.04.05 22:50 B C:\My Documents\Garden egg\img\index_08-over.gif --> ftp.gardenegg.com /public_html/img index_08-over.gif
2000.04.05 22:50 B C:\My Documents\Garden egg\img\index_08.gif --> ftp.gardenegg.com /public_html/img index_08.gif
2000.04.05 22:50 B C:\My Documents\Garden egg\img\index_09-index_08_over.gif --> ftp.gardenegg.com /public_html/img index_09-index_08_over.gif
2000.04.05 22:50 B C:\My Documents\Garden egg\img\index_09.gif --> ftp.gardenegg.com /public_html/img index_09.gif
2000.04.05 22:50 B C:\My Documents\Garden egg\img\index_10.gif --> ftp.gardenegg.com /public_html/img index_10.gif
2000.04.05 22:50 B C:\My Documents\Garden egg\img\index_11-index_08_over.gif --> ftp.gardenegg.com /public_html/img index_11-index_08_over.gif
2000.04.05 22:50 B C:\My Documents\Garden egg\img\index_11.gif --> ftp.gardenegg.com /public_html/img index_11.gif
2000.04.05 22:50 B C:\My Documents\Garden egg\img\index_12.gif --> ftp.gardenegg.com /public_html/img index_12.gif
2000.04.05 22:50 B C:\My Documents\Garden egg\img\index_13-index_08_over.gif --> ftp.gardenegg.com /public_html/img index_13-index_08_over.gif
2000.04.05 22:50 B C:\My Documents\Garden egg\img\index_13.gif --> ftp.gardenegg.com /public_html/img index_13.gif
2000.04.05 22:50 B C:\My Documents\Garden egg\img\index_14-index_08_over.gif --> ftp.gardenegg.com /public_html/img index_14-index_08_over.gif
2000.04.05 22:50 B C:\My Documents\Garden egg\img\index_14.gif --> ftp.gardenegg.com /public_html/img index_14.gif
2000.04.05 22:50 B C:\My Documents\Garden egg\img\index_15-index_08_over.gif --> ftp.gardenegg.com /public_html/img index_15-index_08_over.gif
2000.04.05 22:50 B C:\My Documents\Garden egg\img\index_15.gif --> ftp.gardenegg.com /public_html/img index_15.gif
2000.04.05 22:50 B C:\My Documents\Garden egg\img\index_16-index_08_over.gif --> ftp.gardenegg.com /public_html/img index_16-index_08_over.gif
2000.04.05 22:50 B C:\My Documents\Garden egg\img\index_16.gif --> ftp.gardenegg.com /public_html/img index_16.gif
2000.04.05 22:50 B C:\My Documents\Garden egg\img\index_17-index_08_over.gif --> ftp.gardenegg.com /public_html/img index_17-index_08_over.gif
2000.04.05 22:50 B C:\My Documents\Garden egg\img\index_17.gif --> ftp.gardenegg.com /public_html/img index_17.gif
2000.04.05 22:50 B C:\My Documents\Garden egg\img\index_18.gif --> ftp.gardenegg.com /public_html/img index_18.gif
2000.04.05 22:50 B C:\My Documents\Garden egg\img\index_19.gif --> ftp.gardenegg.com /public_html/img index_19.gif
2000.04.05 22:50 B C:\My Documents\Garden egg\img\index_20-index_08_over.gif --> ftp.gardenegg.com /public_html/img index_20-index_08_over.gif
2000.04.05 22:50 B C:\My Documents\Garden egg\img\index_20.gif --> ftp.gardenegg.com /public_html/img index_20.gif
2000.04.05 22:50 B C:\My Documents\Garden egg\img\index_21.gif --> ftp.gardenegg.com /public_html/img index_21.gif
2000.04.05 22:50 B C:\My Documents\Garden egg\img\index_22.gif --> ftp.gardenegg.com /public_html/img index_22.gif
2000.04.05 22:50 B C:\My Documents\Garden egg\img\index_23.gif --> ftp.gardenegg.com /public_html/img index_23.gif
2000.04.05 22:50 B C:\My Documents\Garden egg\img\index_24.gif --> ftp.gardenegg.com /public_html/img index_24.gif
2000.04.05 22:51 B C:\My Documents\Garden egg\img\index_25.gif --> ftp.gardenegg.com /public_html/img index_25.gif
2000.04.05 22:51 B C:\My Documents\Garden egg\img\index_26.gif --> ftp.gardenegg.com /public_html/img index_26.gif
2000.04.05 22:51 B C:\My Documents\Garden egg\img\index_27.gif --> ftp.gardenegg.com /public_html/img index_27.gif
2000.04.05 22:51 B C:\My Documents\Garden egg\img\line_bg.gif --> ftp.gardenegg.com /public_html/img line_bg.gif
2000.04.05 22:51 B C:\My Documents\Garden egg\img\livingroom-a.gif --> ftp.gardenegg.com /public_html/img livingroom-a.gif
2000.04.05 22:51 B C:\My Documents\Garden egg\img\livingroom-b.gif --> ftp.gardenegg.com /public_html/img livingroom-b.gif
2000.04.05 22:51 B C:\My Documents\Garden egg\img\shop-a.gif --> ftp.gardenegg.com /public_html/img shop-a.gif
2000.04.05 22:51 B C:\My Documents\Garden egg\img\shop-b.gif --> ftp.gardenegg.com /public_html/img shop-b.gif
2000.04.05 22:51 B C:\My Documents\Garden egg\img\spacer.gif --> ftp.gardenegg.com /public_html/img spacer.gif
2000.04.05 22:51 B C:\My Documents\Garden egg\img\timeline-a.gif --> ftp.gardenegg.com /public_html/img timeline-a.gif
2000.04.05 22:51 B C:\My Documents\Garden egg\img\timeline-b.gif --> ftp.gardenegg.com /public_html/img timeline-b.gif
2000.04.05 22:51 B C:\My Documents\Garden egg\img\topics_01.gif --> ftp.gardenegg.com /public_html/img topics_01.gif
2000.04.05 22:51 B C:\My Documents\Garden egg\img\topics_05.gif --> ftp.gardenegg.com /public_html/img topics_05.gif
2000.04.05 22:51 B C:\My Documents\Garden egg\img\topics_09.gif --> ftp.gardenegg.com /public_html/img topics_09.gif
2000.04.05 22:51 B C:\My Documents\Garden egg\img\topics_11.gif --> ftp.gardenegg.com /public_html/img topics_11.gif
2000.06.26 22:41 B C:\My Documents\Garden egg\img\favicon.ico --> ftp.pal-studio.com / favicon.ico
2000.06.26 22:42 B C:\My Documents\Garden egg\img\favicon.ico --> ftp.pal-studio.com /public_html favicon.ico
2000.07.14 23:06 B C:\My Documents\Garden egg\img\email-b.gif --> ftp.pal-studio.com /public_html/img email-b.gif
2000.07.14 23:06 B C:\My Documents\Garden egg\img\email-over.gif --> ftp.pal-studio.com /public_html/img email-over.gif
2000.07.14 23:06 B C:\My Documents\Garden egg\img\email.gif --> ftp.pal-studio.com /public_html/img email.gif
2000.07.14 23:06 B C:\My Documents\Garden egg\img\emailnav-a.gif --> ftp.pal-studio.com /public_html/img emailnav-a.gif
2000.07.14 23:06 B C:\My Documents\Garden egg\img\emailnav-b.gif --> ftp.pal-studio.com /public_html/img emailnav-b.gif
2000.07.14 23:06 B C:\My Documents\Garden egg\img\favicon.ico --> ftp.pal-studio.com /public_html/img favicon.ico
2000.07.14 23:06 B C:\My Documents\Garden egg\img\index_01.gif --> ftp.pal-studio.com /public_html/img index_01.gif
2000.07.14 23:06 B C:\My Documents\Garden egg\img\index_02.gif --> ftp.pal-studio.com /public_html/img index_02.gif
2000.07.14 23:06 B C:\My Documents\Garden egg\img\index_08-over.gif --> ftp.pal-studio.com /public_html/img index_08-over.gif
2000.07.14 23:06 B C:\My Documents\Garden egg\img\index_08.gif --> ftp.pal-studio.com /public_html/img index_08.gif
2000.07.14 23:06 B C:\My Documents\Garden egg\img\index_09.gif --> ftp.pal-studio.com /public_html/img index_09.gif
2000.07.14 23:06 B C:\My Documents\Garden egg\img\index_11-over.gif --> ftp.pal-studio.com /public_html/img index_11-over.gif
2000.07.14 23:06 B C:\My Documents\Garden egg\img\index_11.gif --> ftp.pal-studio.com /public_html/img index_11.gif
2000.07.14 23:06 B C:\My Documents\Garden egg\img\index_13-over.gif --> ftp.pal-studio.com /public_html/img index_13-over.gif
2000.07.14 23:06 B C:\My Documents\Garden egg\img\index_13.gif --> ftp.pal-studio.com /public_html/img index_13.gif
2000.07.14 23:06 B C:\My Documents\Garden egg\img\index_17-over.gif --> ftp.pal-studio.com /public_html/img index_17-over.gif
2000.07.14 23:06 B C:\My Documents\Garden egg\img\index_17.gif --> ftp.pal-studio.com /public_html/img index_17.gif
2000.07.14 23:06 B C:\My Documents\Garden egg\img\index_20.gif --> ftp.pal-studio.com /public_html/img index_20.gif
2000.07.14 23:06 B C:\My Documents\Garden egg\img\ws.gif --> ftp.pal-studio.com /public_html/img ws.gif
2000.07.14 23:06 B C:\My Documents\Garden egg\img\WS_FTP.LOG --> ftp.pal-studio.com /public_html/img WS_FTP.LOG
